Added Component: Designator=15v(DIO_PTH_DO35)
Add component. Clean all parameters for all variants
Add component (AddParameter): Name = "Validação"; Value = ""; VariantName = "[No Variations]"
Add component (AddParameter): Name = "Value"; Value = "?"; VariantName = "[No Variations]"
Added Component: Designator=ALIMENTACAO(HEADER_1X2)
Add component. Clean all parameters for all variants
Add component (AddParameter): Name = "Validação"; Value = ""; VariantName = "[No Variations]"
Add component (AddParameter): Name = "Value"; Value = "?"; VariantName = "[No Variations]"
Added Component: Designator=C1(CAP_ALU_RADIAL_5MM)
Add component. Clean all parameters for all variants
Add component (AddParameter): Name = "Tensão"; Value = "?"; VariantName = "[No Variations]"
Add component (AddParameter): Name = "Validação"; Value = ""; VariantName = "[No Variations]"
Add component (AddParameter): Name = "Value"; Value = "10F"; VariantName = "[No Variations]"
Added Component: Designator=C2(CAP_ALU_RADIAL_5MM)
Add component. Clean all parameters for all variants
Add component (AddParameter): Name = "Tensão"; Value = "?"; VariantName = "[No Variations]"
Add component (AddParameter): Name = "Validação"; Value = ""; VariantName = "[No Variations]"
Add component (AddParameter): Name = "Value"; Value = "10F"; VariantName = "[No Variations]"
Added Component: Designator=C3(Cap_POL_RADIAL_10mm)
Add component. Clean all parameters for all variants
Add component (AddParameter): Name = "Tensão"; Value = "?"; VariantName = "[No Variations]"
Add component (AddParameter): Name = "Validação"; Value = ""; VariantName = "[No Variations]"
Add component (AddParameter): Name = "Value"; Value = "0.1nF"; VariantName = "[No Variations]"
Added Component: Designator=C4(CAP_POL_RADIAL_16MM)
Add component. Clean all parameters for all variants
Add component (AddParameter): Name = "Tensão"; Value = "?"; VariantName = "[No Variations]"
Add component (AddParameter): Name = "Validação"; Value = ""; VariantName = "[No Variations]"
Add component (AddParameter): Name = "Value"; Value = "330nF"; VariantName = "[No Variations]"
Added Component: Designator=D2(DIO_PTH_DO41)
Add component. Clean all parameters for all variants
Add component (AddParameter): Name = "Validação"; Value = ""; VariantName = "[No Variations]"
Add component (AddParameter): Name = "Value"; Value = "?"; VariantName = "[No Variations]"
Added Component: Designator=ENTRADA(HEADER_1X2)
Add component. Clean all parameters for all variants
Add component (AddParameter): Name = "Validação"; Value = ""; VariantName = "[No Variations]"
Add component (AddParameter): Name = "Value"; Value = "?"; VariantName = "[No Variations]"
Added Component: Designator=Q1(*TO254P1054X470X2600-3)
Add component. Clean all parameters for all variants
Add component (AddParameter): Name = "Availability"; Value = "Unavailable"; VariantName = "[No Variations]"
Add component (AddParameter): Name = "MF"; Value = "ON Semiconductor"; VariantName = "[No Variations]"
Add component (AddParameter): Name = "MP"; Value = "LM7805CT"; VariantName = "[No Variations]"
Add component (AddParameter): Name = "Package"; Value = "TO-220 ON Semiconductor"; VariantName = "[No Variations]"
Add component (AddParameter): Name = "Price"; Value = "None"; VariantName = "[No Variations]"
Add component (AddParameter): Name = "SnapEDA_Link"; Value = "https://www.snapeda.com/parts/LM7805CT/ON%20Semiconductor/view-part/546231/?ref=snap"; VariantName = "[No Variations]"
Add component (AddParameter): Name = "Value"; Value = ""; VariantName = "[No Variations]"
Added Component: Designator=Q2(369-03)
Add component. Clean all parameters for all variants
Add component (AddParameter): Name = "Code_JEDEC"; Value = "TO-226-AA"; VariantName = "[No Variations]"
Add component (AddParameter): Name = "LatestRevisionDate"; Value = "17-Jul-2002"; VariantName = "[No Variations]"
Add component (AddParameter): Name = "LatestRevisionNote"; Value = "Re-released for DXP Platform."; VariantName = "[No Variations]"
Add component (AddParameter): Name = "PackageDescription"; Value = "TO, Flat Index; 3 In-Line, Axial Leads; Body Dia. 4.8mm; Leads 0.55 x 0.51 mm (max)"; VariantName = "[No Variations]"
Add component (AddParameter): Name = "PackageReference"; Value = "TO-226-AA"; VariantName = "[No Variations]"
Add component (AddParameter): Name = "Published"; Value = "8-Jun-2000"; VariantName = "[No Variations]"
Add component (AddParameter): Name = "Publisher"; Value = "Altium Limited"; VariantName = "[No Variations]"
Added Component: Designator=R1(RES_PTH_7.62MM)
Add component. Clean all parameters for all variants
Add component (AddParameter): Name = "Validação"; Value = ""; VariantName = "[No Variations]"
Add component (AddParameter): Name = "Value"; Value = "2k2"; VariantName = "[No Variations]"
Added Component: Designator=R2(RES_PTH_7.62MM)
Add component. Clean all parameters for all variants
Add component (AddParameter): Name = "Validação"; Value = ""; VariantName = "[No Variations]"
Add component (AddParameter): Name = "Value"; Value = "150"; VariantName = "[No Variations]"
Added Component: Designator=R3(RES_PTH_7.62MM)
Add component. Clean all parameters for all variants
Add component (AddParameter): Name = "Validação"; Value = ""; VariantName = "[No Variations]"
Add component (AddParameter): Name = "Value"; Value = "1k5"; VariantName = "[No Variations]"
Added Component: Designator=R4(RES_PTH_7.62MM)
Add component. Clean all parameters for all variants
Add component (AddParameter): Name = "Validação"; Value = ""; VariantName = "[No Variations]"
Add component (AddParameter): Name = "Value"; Value = "75"; VariantName = "[No Variations]"
Added Component: Designator=R5(RES_PTH_7.62MM)
Add component. Clean all parameters for all variants
Add component (AddParameter): Name = "Validação"; Value = ""; VariantName = "[No Variations]"
Add component (AddParameter): Name = "Value"; Value = "10k"; VariantName = "[No Variations]"
Added Component: Designator=R6(RES_PTH_7.62MM)
Add component. Clean all parameters for all variants
Add component (AddParameter): Name = "Validação"; Value = ""; VariantName = "[No Variations]"
Add component (AddParameter): Name = "Value"; Value = "75"; VariantName = "[No Variations]"
Added Component: Designator=R7(RES_PTH_7.62MM)
Add component. Clean all parameters for all variants
Add component (AddParameter): Name = "Validação"; Value = ""; VariantName = "[No Variations]"
Add component (AddParameter): Name = "Value"; Value = "10k"; VariantName = "[No Variations]"
Added Component: Designator=R8(RES_PTH_7.62MM)
Add component. Clean all parameters for all variants
Add component (AddParameter): Name = "Validação"; Value = ""; VariantName = "[No Variations]"
Add component (AddParameter): Name = "Value"; Value = "1k"; VariantName = "[No Variations]"
Added Component: Designator=SAIDA(CN_KK_5_5045-5)
Add component. Clean all parameters for all variants
Add component (AddParameter): Name = "Validação"; Value = ""; VariantName = "[No Variations]"
Add component (AddParameter): Name = "Value"; Value = "?"; VariantName = "[No Variations]"
Added Component: Designator=U1(*DIP762W50P254L977H451Q8)
Add component. Clean all parameters for all variants
Add component (AddParameter): Name = "Availability"; Value = "Unavailable"; VariantName = "[No Variations]"
Add component (AddParameter): Name = "MF"; Value = "Vishay Semiconductor"; VariantName = "[No Variations]"
Add component (AddParameter): Name = "MP"; Value = "6N136"; VariantName = "[No Variations]"
Add component (AddParameter): Name = "Package"; Value = "DIP-8 Vishay Semiconductor"; VariantName = "[No Variations]"
Add component (AddParameter): Name = "Price"; Value = "None"; VariantName = "[No Variations]"
Add component (AddParameter): Name = "SnapEDA_Link"; Value = "https://www.snapeda.com/parts/6N136/Vishay%20Semiconductor%20Opto%20Division/view-part/2773791/?ref=snap"; VariantName = "[No Variations]"
Add component (AddParameter): Name = "Value"; Value = ""; VariantName = "[No Variations]"
Added Component: Designator=U2(*DIP762W45P254L2019H533Q14)
Add component. Clean all parameters for all variants
Add component (AddParameter): Name = "Availability"; Value = "Unavailable"; VariantName = "[No Variations]"
Add component (AddParameter): Name = "MF"; Value = "Infineon"; VariantName = "[No Variations]"
Add component (AddParameter): Name = "MP"; Value = "IR2110"; VariantName = "[No Variations]"
Add component (AddParameter): Name = "Package"; Value = "DIP-14 Infineon"; VariantName = "[No Variations]"
Add component (AddParameter): Name = "Price"; Value = "None"; VariantName = "[No Variations]"
Add component (AddParameter): Name = "SnapEDA_Link"; Value = "https://www.snapeda.com/parts/IR2110/Infineon%20Technologies/view-part/549251/?ref=snap"; VariantName = "[No Variations]"
Add component (AddParameter): Name = "Value"; Value = ""; VariantName = "[No Variations]"
Added Pin To Net: NetName=GND Pin=15v-A
Added Pin To Net: NetName=Net15v_K Pin=15v-K
Added Pin To Net: NetName=VCC Pin=ALIMENTACAO-1
Added Pin To Net: NetName=GND Pin=ALIMENTACAO-2
Added Pin To Net: NetName=+12 Pin=C1-1
Added Pin To Net: NetName=GND Pin=C1-2
Added Pin To Net: NetName=Net15v_K Pin=C2-1
Added Pin To Net: NetName=GND Pin=C2-2
Added Pin To Net: NetName=+12 Pin=C3-1
Added Pin To Net: NetName=GND Pin=C3-2
Added Pin To Net: NetName=NetC4_1 Pin=C4-1
Added Pin To Net: NetName=Vs Pin=C4-2
Added Pin To Net: NetName=+12 Pin=D2-A
Added Pin To Net: NetName=NetC4_1 Pin=D2-K
Added Pin To Net: NetName=in_H Pin=ENTRADA-1
Added Pin To Net: NetName=in_H2 Pin=ENTRADA-2
Added Pin To Net: NetName=Net15v_K Pin=Q1-1
Added Pin To Net: NetName=GND Pin=Q1-2
Added Pin To Net: NetName=+12 Pin=Q1-3
Added Pin To Net: NetName=NetQ2_1 Pin=Q2-1
Added Pin To Net: NetName=NetQ2_2 Pin=Q2-2
Added Pin To Net: NetName=GND Pin=Q2-3
Added Pin To Net: NetName=VCC Pin=R1-1
Added Pin To Net: NetName=Net15v_K Pin=R1-2
Added Pin To Net: NetName=in_H Pin=R2-1
Added Pin To Net: NetName=NetR2_2 Pin=R2-2
Added Pin To Net: NetName=H_IN Pin=R3-1
Added Pin To Net: NetName=+12 Pin=R3-2
Added Pin To Net: NetName=out_H Pin=R4-1
Added Pin To Net: NetName=NetR4_2 Pin=R4-2
Added Pin To Net: NetName=NetQ2_1 Pin=R5-1
Added Pin To Net: NetName=+12 Pin=R5-2
Added Pin To Net: NetName=out_L Pin=R6-1
Added Pin To Net: NetName=NetR6_2 Pin=R6-2
Added Pin To Net: NetName=Vs Pin=R7-1
Added Pin To Net: NetName=GND Pin=R7-2
Added Pin To Net: NetName=NetQ2_2 Pin=R8-1
Added Pin To Net: NetName=H_IN Pin=R8-2
Added Pin To Net: NetName=out_H Pin=SAIDA-1
Added Pin To Net: NetName=GND Pin=SAIDA-2
Added Pin To Net: NetName=Vs Pin=SAIDA-3
Added Pin To Net: NetName=GND Pin=SAIDA-4
Added Pin To Net: NetName=out_L Pin=SAIDA-5
Added Pin To Net: NetName=NetR2_2 Pin=U1-2
Added Pin To Net: NetName=in_H2 Pin=U1-3
Added Pin To Net: NetName=GND Pin=U1-5
Added Pin To Net: NetName=H_IN Pin=U1-6
Added Pin To Net: NetName=+12 Pin=U1-8
Added Pin To Net: NetName=NetR6_2 Pin=U2-1
Added Pin To Net: NetName=GND Pin=U2-2
Added Pin To Net: NetName=+12 Pin=U2-3
Added Pin To Net: NetName=Vs Pin=U2-5
Added Pin To Net: NetName=NetC4_1 Pin=U2-6
Added Pin To Net: NetName=NetR4_2 Pin=U2-7
Added Pin To Net: NetName=H_IN Pin=U2-10
Added Pin To Net: NetName=NetQ2_1 Pin=U2-11
Added Pin To Net: NetName=NetQ2_1 Pin=U2-12
Added Member To Class: ClassName=Sheet1 Member=Component 15v DIO_ZENER_DO35
Added Member To Class: ClassName=Sheet1 Member=Component ALIMENTACAO Entrada
Added Member To Class: ClassName=Sheet1 Member=Component C1 Electrolytic Capacitor
Added Member To Class: ClassName=Sheet1 Member=Component C2 Electrolytic Capacitor
Added Member To Class: ClassName=Sheet1 Member=Component C3 CAP_POL_RADIAL_16MM
Added Member To Class: ClassName=Sheet1 Member=Component C4 CAP_POL_RADIAL_25.5MM
Added Member To Class: ClassName=Sheet1 Member=Component D2 DIO_PTH_1N4007
Added Member To Class: ClassName=Sheet1 Member=Component ENTRADA IN_H
Added Member To Class: ClassName=Sheet1 Member=Component Q1 LM7812CT/NOPB
Added Member To Class: ClassName=Sheet1 Member=Component Q2 NPN
Added Member To Class: ClassName=Sheet1 Member=Component R1 2k2
Added Member To Class: ClassName=Sheet1 Member=Component R2 150
Added Member To Class: ClassName=Sheet1 Member=Component R3 1k5
Added Member To Class: ClassName=Sheet1 Member=Component R4 75
Added Member To Class: ClassName=Sheet1 Member=Component R5 10k
Added Member To Class: ClassName=Sheet1 Member=Component R6 75
Added Member To Class: ClassName=Sheet1 Member=Component R7 10k
Added Member To Class: ClassName=Sheet1 Member=Component R8 1k
Added Member To Class: ClassName=Sheet1 Member=Component SAIDA Saída
Added Member To Class: ClassName=Sheet1 Member=Component U1 6N136
Added Member To Class: ClassName=Sheet1 Member=Component U2 IR2110
Added Room: Name=Sheet1
