Removed Pin From Net: NetName=GND Pin=Pad1-1
Removed Pin From Net: NetName=IO0 Pin=Pad1-2
Removed Pin From Net: NetName=RXD0 Pin=Pad1-3
Removed Pin From Net: NetName=TXD0 Pin=Pad1-4
Change Component Footprint: Designator=Pad1 Old Footprint=HEADER_1X4F New Footprint=CN_KK_5_5045-5
Change Component Comment : Designator=Pad1 Old Comment=Connection Pad New Comment=CN_KK_5
Change Component Kind : Designator=Pad1 Old Kind=Standard (No BOM) New Kind=Standard
Change component parameters: Designator = "Pad1"; Footprint = "CN_KK_5_5045-5"; UniqueID = "\BHKKVBPZ"
Change component parameters. Clean all parameters for all variants
Change component parameters (AddParameter): Name = "Validação"; Value = ""; VariantName = "[No Variations]"
Change component parameters (AddParameter): Name = "Value"; Value = "?"; VariantName = "[No Variations]"
Added Pin To Net: NetName=EXT_5V Pin=Pad1-1
Added Pin To Net: NetName=GND Pin=Pad1-2
Added Pin To Net: NetName=TXD0 Pin=Pad1-3
Added Pin To Net: NetName=RXD0 Pin=Pad1-4
Added Pin To Net: NetName=IO0 Pin=Pad1-5
Added Member To Class: ClassName=ESP32 Member=Component C3 CAP 10uF/50V
Added Member To Class: ClassName=ESP32 Member=Component C5 CAP 100nF/16V
Added Member To Class: ClassName=ESP32 Member=Component C7 CAP 100nF/50V
Added Member To Class: ClassName=ESP32 Member=Component C8 CAP 100nF/50V
Added Member To Class: ClassName=ESP32 Member=Component R1 RES 0603
Added Member To Class: ClassName=ESP32 Member=Component R2 RES 0603
Added Member To Class: ClassName=ESP32 Member=Component R4 RES 0603
Added Member To Class: ClassName=ESP32 Member=Component R5 RES 0603
Added Member To Class: ClassName=ESP32 Member=Component R6 RES 0603
Added Member To Class: ClassName=ESP32 Member=Component U1 LM1117
Added Room: Name=ESP32
