Added Component: Designator=SW1(PCBComponent_1)
Add component. Clean all parameters for all variants
Add component (AddParameter): Name = "Current"; Value = "50 mA"; VariantName = "[No Variations]"
Add component (AddParameter): Name = "LCSC Part #"; Value = "C318884"; VariantName = "[No Variations]"
Add component (AddParameter): Name = "Manufacturer"; Value = "XKB Enterprise"; VariantName = "[No Variations]"
Add component (AddParameter): Name = "MFR.Part #"; Value = "TS-1187A-B-A-B"; VariantName = "[No Variations]"
Add component (AddParameter): Name = "Package"; Value = "SMD-SW-4_5.1x5.1x1.5"; VariantName = "[No Variations]"
Add component (AddParameter): Name = "Voltage"; Value = "12 VDC"; VariantName = "[No Variations]"
Added Component: Designator=SW2(PCBComponent_1)
Add component. Clean all parameters for all variants
Add component (AddParameter): Name = "Current"; Value = "50 mA"; VariantName = "[No Variations]"
Add component (AddParameter): Name = "LCSC Part #"; Value = "C318884"; VariantName = "[No Variations]"
Add component (AddParameter): Name = "Manufacturer"; Value = "XKB Enterprise"; VariantName = "[No Variations]"
Add component (AddParameter): Name = "MFR.Part #"; Value = "TS-1187A-B-A-B"; VariantName = "[No Variations]"
Add component (AddParameter): Name = "Package"; Value = "SMD-SW-4_5.1x5.1x1.5"; VariantName = "[No Variations]"
Add component (AddParameter): Name = "Voltage"; Value = "12 VDC"; VariantName = "[No Variations]"
Added Component: Designator=SW?(PCBComponent_1)
Add component. Clean all parameters for all variants
Add component (AddParameter): Name = "Current"; Value = "50 mA"; VariantName = "[No Variations]"
Add component (AddParameter): Name = "LCSC Part #"; Value = "C318884"; VariantName = "[No Variations]"
Add component (AddParameter): Name = "Manufacturer"; Value = "XKB Enterprise"; VariantName = "[No Variations]"
Add component (AddParameter): Name = "MFR.Part #"; Value = "TS-1187A-B-A-B"; VariantName = "[No Variations]"
Add component (AddParameter): Name = "Package"; Value = "SMD-SW-4_5.1x5.1x1.5"; VariantName = "[No Variations]"
Add component (AddParameter): Name = "Voltage"; Value = "12 VDC"; VariantName = "[No Variations]"
Added Pin To Net: NetName=GND Pin=SW1-1
Added Pin To Net: NetName=EN Pin=SW1-2
Added Pin To Net: NetName=GND Pin=SW2-1
Added Pin To Net: NetName=IO0 Pin=SW2-2
Added Member To Class: ClassName=ESP32 Member=Component SW1 Tactile Switch SPST 5.10X0.40 mm
Added Member To Class: ClassName=ESP32 Member=Component SW2 Tactile Switch SPST 5.10X0.40 mm
Added Member To Class: ClassName=ESP32 Member=Component SW? Tactile Switch SPST 5.10X0.40 mm
Added Room: Name=ESP32
