Added Component: Designator=A1(PCBComponent_1)
Add component. Clean all parameters for all variants
Added Component: Designator=C1(CAP 100nF/50V)
Add component. Clean all parameters for all variants
Add component (AddParameter): Name = "Capacitance"; Value = "100nF"; VariantName = "[No Variations]"
Add component (AddParameter): Name = "ComponentLink1Description"; Value = "Datasheet"; VariantName = "[No Variations]"
Add component (AddParameter): Name = "ComponentLink1URL"; Value = "https://search.murata.co.jp/Ceramy/image/img/A01X/G101/ENG/GRM022R60J103KE19-01.pdf"; VariantName = "[No Variations]"
Add component (AddParameter): Name = "Digikey PN"; Value = "311-3342-1-ND"; VariantName = "[No Variations]"
Add component (AddParameter): Name = "Manufacturer 1"; Value = "Yageo"; VariantName = "[No Variations]"
Add component (AddParameter): Name = "Manufacturer 1 PN"; Value = "CC0402KRX5R9BB104"; VariantName = "[No Variations]"
Add component (AddParameter): Name = "Notes"; Value = ""; VariantName = "[No Variations]"
Add component (AddParameter): Name = "Voltage"; Value = "50V"; VariantName = "[No Variations]"
Added Component: Designator=C2(CAP 100nF/50V)
Add component. Clean all parameters for all variants
Add component (AddParameter): Name = "Capacitance"; Value = "100nF"; VariantName = "[No Variations]"
Add component (AddParameter): Name = "ComponentLink1Description"; Value = "Datasheet"; VariantName = "[No Variations]"
Add component (AddParameter): Name = "ComponentLink1URL"; Value = "https://search.murata.co.jp/Ceramy/image/img/A01X/G101/ENG/GRM022R60J103KE19-01.pdf"; VariantName = "[No Variations]"
Add component (AddParameter): Name = "Digikey PN"; Value = "311-3342-1-ND"; VariantName = "[No Variations]"
Add component (AddParameter): Name = "Manufacturer 1"; Value = "Yageo"; VariantName = "[No Variations]"
Add component (AddParameter): Name = "Manufacturer 1 PN"; Value = "CC0402KRX5R9BB104"; VariantName = "[No Variations]"
Add component (AddParameter): Name = "Notes"; Value = ""; VariantName = "[No Variations]"
Add component (AddParameter): Name = "Voltage"; Value = "50V"; VariantName = "[No Variations]"
Added Component: Designator=C3(CAP 10uF/50V)
Add component. Clean all parameters for all variants
Add component (AddParameter): Name = "Capacitance"; Value = "10uF"; VariantName = "[No Variations]"
Add component (AddParameter): Name = "ComponentLink1Description"; Value = "Datasheet"; VariantName = "[No Variations]"
Add component (AddParameter): Name = "ComponentLink1URL"; Value = "https://www.murata.com/~/media/webrenewal/support/library/catalog/products/capacitor/mlcc/c02e.ashx?la=en-us"; VariantName = "[No Variations]"
Add component (AddParameter): Name = "Digikey PN"; Value = "490-6441-1-ND"; VariantName = "[No Variations]"
Add component (AddParameter): Name = "Manufacturer 1"; Value = "Murata Electronics North America"; VariantName = "[No Variations]"
Add component (AddParameter): Name = "Manufacturer 1 PN"; Value = "GRM2165C1H102FA01D"; VariantName = "[No Variations]"
Add component (AddParameter): Name = "Mouser PN"; Value = "81-GRM2165C1H102FA01"; VariantName = "[No Variations]"
Add component (AddParameter): Name = "Notes"; Value = ""; VariantName = "[No Variations]"
Add component (AddParameter): Name = "Voltage"; Value = "50V"; VariantName = "[No Variations]"
Added Component: Designator=C4(CAP 10uF/50V)
Add component. Clean all parameters for all variants
Add component (AddParameter): Name = "Capacitance"; Value = "10uF"; VariantName = "[No Variations]"
Add component (AddParameter): Name = "ComponentLink1Description"; Value = "Datasheet"; VariantName = "[No Variations]"
Add component (AddParameter): Name = "ComponentLink1URL"; Value = "https://www.murata.com/~/media/webrenewal/support/library/catalog/products/capacitor/mlcc/c02e.ashx?la=en-us"; VariantName = "[No Variations]"
Add component (AddParameter): Name = "Digikey PN"; Value = "490-6441-1-ND"; VariantName = "[No Variations]"
Add component (AddParameter): Name = "Manufacturer 1"; Value = "Murata Electronics North America"; VariantName = "[No Variations]"
Add component (AddParameter): Name = "Manufacturer 1 PN"; Value = "GRM2165C1H102FA01D"; VariantName = "[No Variations]"
Add component (AddParameter): Name = "Mouser PN"; Value = "81-GRM2165C1H102FA01"; VariantName = "[No Variations]"
Add component (AddParameter): Name = "Notes"; Value = ""; VariantName = "[No Variations]"
Add component (AddParameter): Name = "Voltage"; Value = "50V"; VariantName = "[No Variations]"
Added Component: Designator=C5(CAP 10uF/50V)
Add component. Clean all parameters for all variants
Add component (AddParameter): Name = "Capacitance"; Value = "10uF"; VariantName = "[No Variations]"
Add component (AddParameter): Name = "ComponentLink1Description"; Value = "Datasheet"; VariantName = "[No Variations]"
Add component (AddParameter): Name = "ComponentLink1URL"; Value = "https://www.murata.com/~/media/webrenewal/support/library/catalog/products/capacitor/mlcc/c02e.ashx?la=en-us"; VariantName = "[No Variations]"
Add component (AddParameter): Name = "Digikey PN"; Value = "490-6441-1-ND"; VariantName = "[No Variations]"
Add component (AddParameter): Name = "Manufacturer 1"; Value = "Murata Electronics North America"; VariantName = "[No Variations]"
Add component (AddParameter): Name = "Manufacturer 1 PN"; Value = "GRM2165C1H102FA01D"; VariantName = "[No Variations]"
Add component (AddParameter): Name = "Mouser PN"; Value = "81-GRM2165C1H102FA01"; VariantName = "[No Variations]"
Add component (AddParameter): Name = "Notes"; Value = ""; VariantName = "[No Variations]"
Add component (AddParameter): Name = "Voltage"; Value = "50V"; VariantName = "[No Variations]"
Added Component: Designator=C6(CAP 100nF/16V)
Add component. Clean all parameters for all variants
Add component (AddParameter): Name = "Capacitance"; Value = "100nF"; VariantName = "[No Variations]"
Add component (AddParameter): Name = "ComponentLink1Description"; Value = "Specifications"; VariantName = "[No Variations]"
Add component (AddParameter): Name = "ComponentLink1URL"; Value = "http://www.samsungsem.com/kr/support/product-search/mlcc/__icsFiles/afieldfile/2018/07/27/CL21A106KOQNNWE.pdf"; VariantName = "[No Variations]"
Add component (AddParameter): Name = "Digikey PN"; Value = "1276-2894-1-ND"; VariantName = "[No Variations]"
Add component (AddParameter): Name = "Manufacturer 1"; Value = "Samsung Electro-Mechanics"; VariantName = "[No Variations]"
Add component (AddParameter): Name = "Manufacturer 1 PN"; Value = "CL21A106KOQNNWE"; VariantName = "[No Variations]"
Add component (AddParameter): Name = "Mouser PN"; Value = "581-08055C104K4Z4A"; VariantName = "[No Variations]"
Add component (AddParameter): Name = "Notes"; Value = ""; VariantName = "[No Variations]"
Add component (AddParameter): Name = "Voltage"; Value = "16V"; VariantName = "[No Variations]"
Added Component: Designator=C7(CAPC1005X05N)
Add component. Clean all parameters for all variants
Add component (AddParameter): Name = "Capacitance"; Value = "100nF"; VariantName = "[No Variations]"
Add component (AddParameter): Name = "ComponentLink1Description"; Value = "Datasheet"; VariantName = "[No Variations]"
Add component (AddParameter): Name = "ComponentLink1URL"; Value = "https://search.murata.co.jp/Ceramy/image/img/A01X/G101/ENG/GRM022R60J103KE19-01.pdf"; VariantName = "[No Variations]"
Add component (AddParameter): Name = "Digikey PN"; Value = "311-3342-1-ND"; VariantName = "[No Variations]"
Add component (AddParameter): Name = "Manufacturer 1"; Value = "Yageo"; VariantName = "[No Variations]"
Add component (AddParameter): Name = "Manufacturer 1 PN"; Value = "CC0402KRX5R9BB104"; VariantName = "[No Variations]"
Add component (AddParameter): Name = "Notes"; Value = ""; VariantName = "[No Variations]"
Add component (AddParameter): Name = "Voltage"; Value = "50V"; VariantName = "[No Variations]"
Added Component: Designator=C8(CAPC1005X05N)
Add component. Clean all parameters for all variants
Add component (AddParameter): Name = "Capacitance"; Value = "100nF"; VariantName = "[No Variations]"
Add component (AddParameter): Name = "ComponentLink1Description"; Value = "Datasheet"; VariantName = "[No Variations]"
Add component (AddParameter): Name = "ComponentLink1URL"; Value = "https://search.murata.co.jp/Ceramy/image/img/A01X/G101/ENG/GRM022R60J103KE19-01.pdf"; VariantName = "[No Variations]"
Add component (AddParameter): Name = "Digikey PN"; Value = "311-3342-1-ND"; VariantName = "[No Variations]"
Add component (AddParameter): Name = "Manufacturer 1"; Value = "Yageo"; VariantName = "[No Variations]"
Add component (AddParameter): Name = "Manufacturer 1 PN"; Value = "CC0402KRX5R9BB104"; VariantName = "[No Variations]"
Add component (AddParameter): Name = "Notes"; Value = ""; VariantName = "[No Variations]"
Add component (AddParameter): Name = "Voltage"; Value = "50V"; VariantName = "[No Variations]"
Added Component: Designator=C9(CAP 100nF/16V)
Add component. Clean all parameters for all variants
Add component (AddParameter): Name = "Capacitance"; Value = "100nF"; VariantName = "[No Variations]"
Add component (AddParameter): Name = "ComponentLink1Description"; Value = "Specifications"; VariantName = "[No Variations]"
Add component (AddParameter): Name = "ComponentLink1URL"; Value = "http://www.samsungsem.com/kr/support/product-search/mlcc/__icsFiles/afieldfile/2018/07/27/CL21A106KOQNNWE.pdf"; VariantName = "[No Variations]"
Add component (AddParameter): Name = "Digikey PN"; Value = "1276-2894-1-ND"; VariantName = "[No Variations]"
Add component (AddParameter): Name = "Manufacturer 1"; Value = "Samsung Electro-Mechanics"; VariantName = "[No Variations]"
Add component (AddParameter): Name = "Manufacturer 1 PN"; Value = "CL21A106KOQNNWE"; VariantName = "[No Variations]"
Add component (AddParameter): Name = "Mouser PN"; Value = "581-08055C104K4Z4A"; VariantName = "[No Variations]"
Add component (AddParameter): Name = "Notes"; Value = ""; VariantName = "[No Variations]"
Add component (AddParameter): Name = "Voltage"; Value = "16V"; VariantName = "[No Variations]"
Added Component: Designator=D1(LED Blue)
Add component. Clean all parameters for all variants
Add component (AddParameter): Name = "Manufacturer 1"; Value = "Lite-On Inc."; VariantName = "[No Variations]"
Add component (AddParameter): Name = "Manufacturer 1 PN"; Value = "LTST-C171TBKT"; VariantName = "[No Variations]"
Add component (AddParameter): Name = "Notes"; Value = ""; VariantName = "[No Variations]"
Added Component: Designator=D2(ES1F SMA Package)
Add component. Clean all parameters for all variants
Add component (AddParameter): Name = "ComponentLink1Description"; Value = "Datasheet"; VariantName = "[No Variations]"
Add component (AddParameter): Name = "ComponentLink1URL"; Value = "https://www.fairchildsemi.com/datasheets/ES/ES1F.pdf"; VariantName = "[No Variations]"
Add component (AddParameter): Name = "Current"; Value = "1A"; VariantName = "[No Variations]"
Add component (AddParameter): Name = "Manufacturer 1"; Value = "ON Semiconductor"; VariantName = "[No Variations]"
Add component (AddParameter): Name = "Manufacturer 1 PN"; Value = "ES1F"; VariantName = "[No Variations]"
Add component (AddParameter): Name = "Notes"; Value = ""; VariantName = "[No Variations]"
Add component (AddParameter): Name = "Voltage"; Value = "300V"; VariantName = "[No Variations]"
Added Component: Designator=J1(Pin Header 19 Ways)
Add component. Clean all parameters for all variants
Add component (AddParameter): Name = "Manufacturer 1"; Value = "Irwin Inc."; VariantName = "[No Variations]"
Add component (AddParameter): Name = "Manufacturer 1 PN"; Value = "M20-9992046"; VariantName = "[No Variations]"
Add component (AddParameter): Name = "Notes"; Value = ""; VariantName = "[No Variations]"
Added Component: Designator=J2(Pin Header 19 Ways)
Add component. Clean all parameters for all variants
Add component (AddParameter): Name = "Manufacturer 1"; Value = "Irwin Inc."; VariantName = "[No Variations]"
Add component (AddParameter): Name = "Manufacturer 1 PN"; Value = "M20-9992046"; VariantName = "[No Variations]"
Add component (AddParameter): Name = "Notes"; Value = ""; VariantName = "[No Variations]"
Added Component: Designator=L_BEAD1(IND_LBEAD_SMD_1806)
Add component. Clean all parameters for all variants
Add component (AddParameter): Name = "Validação"; Value = ""; VariantName = "[No Variations]"
Add component (AddParameter): Name = "Value"; Value = "LBEAD"; VariantName = "[No Variations]"
Added Component: Designator=Q1(SOT-23B_N)
Add component. Clean all parameters for all variants
Add component (AddParameter): Name = "LatestRevisionDate"; Value = "29-May-2009"; VariantName = "[No Variations]"
Add component (AddParameter): Name = "LatestRevisionNote"; Value = "IPC-7351 Footprint Added."; VariantName = "[No Variations]"
Add component (AddParameter): Name = "PackageDescription"; Value = "3-Pin SOT-23 Package 0.95 mm Pitch, 2.4 mm Lead Span"; VariantName = "[No Variations]"
Add component (AddParameter): Name = "PackageReference"; Value = "SOT-23B"; VariantName = "[No Variations]"
Add component (AddParameter): Name = "PackageVersion"; Value = "Aug-1999"; VariantName = "[No Variations]"
Add component (AddParameter): Name = "Published"; Value = "8-Jun-2000"; VariantName = "[No Variations]"
Add component (AddParameter): Name = "Publisher"; Value = "Altium Limited"; VariantName = "[No Variations]"
Added Component: Designator=Q2(SOT-23B_N)
Add component. Clean all parameters for all variants
Add component (AddParameter): Name = "LatestRevisionDate"; Value = "29-May-2009"; VariantName = "[No Variations]"
Add component (AddParameter): Name = "LatestRevisionNote"; Value = "IPC-7351 Footprint Added."; VariantName = "[No Variations]"
Add component (AddParameter): Name = "PackageDescription"; Value = "3-Pin SOT-23 Package 0.95 mm Pitch, 2.4 mm Lead Span"; VariantName = "[No Variations]"
Add component (AddParameter): Name = "PackageReference"; Value = "SOT-23B"; VariantName = "[No Variations]"
Add component (AddParameter): Name = "PackageVersion"; Value = "Aug-1999"; VariantName = "[No Variations]"
Add component (AddParameter): Name = "Published"; Value = "8-Jun-2000"; VariantName = "[No Variations]"
Add component (AddParameter): Name = "Publisher"; Value = "Altium Limited"; VariantName = "[No Variations]"
Added Component: Designator=R1(RES 0 Ohm 1% 0.1W)
Add component. Clean all parameters for all variants
Add component (AddParameter): Name = "ComponentLink1Description"; Value = "Datasheet"; VariantName = "[No Variations]"
Add component (AddParameter): Name = "ComponentLink1URL"; Value = "http://www.yageo.com/documents/recent/PYu-RC_Group_51_RoHS_L_9.pdf"; VariantName = "[No Variations]"
Add component (AddParameter): Name = "Digikey PN"; Value = "311-0.0GRCT-ND"; VariantName = "[No Variations]"
Add component (AddParameter): Name = "Manufacturer 1"; Value = "Yageo"; VariantName = "[No Variations]"
Add component (AddParameter): Name = "Manufacturer 1 PN"; Value = "RC0603JR-070RL"; VariantName = "[No Variations]"
Add component (AddParameter): Name = "Mouser PN"; Value = "603-RC0603JR-070RL"; VariantName = "[No Variations]"
Add component (AddParameter): Name = "Notes"; Value = ""; VariantName = "[No Variations]"
Add component (AddParameter): Name = "Power"; Value = "0.1W"; VariantName = "[No Variations]"
Add component (AddParameter): Name = "Resistence"; Value = "0"; VariantName = "[No Variations]"
Added Component: Designator=R2(RES 10k 1% 1/8W)
Add component. Clean all parameters for all variants
Add component (AddParameter): Name = "ComponentLink1Description"; Value = "Datasheet"; VariantName = "[No Variations]"
Add component (AddParameter): Name = "ComponentLink1URL"; Value = "http://www.yageo.com/documents/recent/PYu-RC_Group_51_RoHS_L_9.pdf"; VariantName = "[No Variations]"
Add component (AddParameter): Name = "Digikey PN"; Value = "RNCP0603FTD10K0CT-ND"; VariantName = "[No Variations]"
Add component (AddParameter): Name = "Manufacturer 1"; Value = "Stackpole Electronics Inc."; VariantName = "[No Variations]"
Add component (AddParameter): Name = "Manufacturer 1 PN"; Value = "RNCP0603FTD10K0"; VariantName = "[No Variations]"
Add component (AddParameter): Name = "Mouser PN"; Value = "755-ESR03EZPF1002"; VariantName = "[No Variations]"
Add component (AddParameter): Name = "Notes"; Value = ""; VariantName = "[No Variations]"
Add component (AddParameter): Name = "Power"; Value = "1/8W"; VariantName = "[No Variations]"
Add component (AddParameter): Name = "Resistence"; Value = "10k"; VariantName = "[No Variations]"
Added Component: Designator=R3(RES 10k 1% 1/8W)
Add component. Clean all parameters for all variants
Add component (AddParameter): Name = "ComponentLink1Description"; Value = "Datasheet"; VariantName = "[No Variations]"
Add component (AddParameter): Name = "ComponentLink1URL"; Value = "http://www.yageo.com/documents/recent/PYu-RC_Group_51_RoHS_L_9.pdf"; VariantName = "[No Variations]"
Add component (AddParameter): Name = "Digikey PN"; Value = "RNCP0603FTD10K0CT-ND"; VariantName = "[No Variations]"
Add component (AddParameter): Name = "Manufacturer 1"; Value = "Stackpole Electronics Inc."; VariantName = "[No Variations]"
Add component (AddParameter): Name = "Manufacturer 1 PN"; Value = "RNCP0603FTD10K0"; VariantName = "[No Variations]"
Add component (AddParameter): Name = "Mouser PN"; Value = "755-ESR03EZPF1002"; VariantName = "[No Variations]"
Add component (AddParameter): Name = "Notes"; Value = ""; VariantName = "[No Variations]"
Add component (AddParameter): Name = "Power"; Value = "1/8W"; VariantName = "[No Variations]"
Add component (AddParameter): Name = "Resistence"; Value = "10k"; VariantName = "[No Variations]"
Added Component: Designator=R4(RES 10k 1% 1/8W)
Add component. Clean all parameters for all variants
Add component (AddParameter): Name = "ComponentLink1Description"; Value = "Datasheet"; VariantName = "[No Variations]"
Add component (AddParameter): Name = "ComponentLink1URL"; Value = "http://www.yageo.com/documents/recent/PYu-RC_Group_51_RoHS_L_9.pdf"; VariantName = "[No Variations]"
Add component (AddParameter): Name = "Digikey PN"; Value = "RNCP0603FTD10K0CT-ND"; VariantName = "[No Variations]"
Add component (AddParameter): Name = "Manufacturer 1"; Value = "Stackpole Electronics Inc."; VariantName = "[No Variations]"
Add component (AddParameter): Name = "Manufacturer 1 PN"; Value = "RNCP0603FTD10K0"; VariantName = "[No Variations]"
Add component (AddParameter): Name = "Mouser PN"; Value = "755-ESR03EZPF1002"; VariantName = "[No Variations]"
Add component (AddParameter): Name = "Notes"; Value = ""; VariantName = "[No Variations]"
Add component (AddParameter): Name = "Power"; Value = "1/8W"; VariantName = "[No Variations]"
Add component (AddParameter): Name = "Resistence"; Value = "10k"; VariantName = "[No Variations]"
Added Component: Designator=R5(RES 10k 1% 1/8W)
Add component. Clean all parameters for all variants
Add component (AddParameter): Name = "ComponentLink1Description"; Value = "Datasheet"; VariantName = "[No Variations]"
Add component (AddParameter): Name = "ComponentLink1URL"; Value = "http://www.yageo.com/documents/recent/PYu-RC_Group_51_RoHS_L_9.pdf"; VariantName = "[No Variations]"
Add component (AddParameter): Name = "Digikey PN"; Value = "RNCP0603FTD10K0CT-ND"; VariantName = "[No Variations]"
Add component (AddParameter): Name = "Manufacturer 1"; Value = "Stackpole Electronics Inc."; VariantName = "[No Variations]"
Add component (AddParameter): Name = "Manufacturer 1 PN"; Value = "RNCP0603FTD10K0"; VariantName = "[No Variations]"
Add component (AddParameter): Name = "Mouser PN"; Value = "755-ESR03EZPF1002"; VariantName = "[No Variations]"
Add component (AddParameter): Name = "Notes"; Value = ""; VariantName = "[No Variations]"
Add component (AddParameter): Name = "Power"; Value = "1/8W"; VariantName = "[No Variations]"
Add component (AddParameter): Name = "Resistence"; Value = "10k"; VariantName = "[No Variations]"
Added Component: Designator=R6(RES 10k 1% 1/8W)
Add component. Clean all parameters for all variants
Add component (AddParameter): Name = "ComponentLink1Description"; Value = "Datasheet"; VariantName = "[No Variations]"
Add component (AddParameter): Name = "ComponentLink1URL"; Value = "http://www.yageo.com/documents/recent/PYu-RC_Group_51_RoHS_L_9.pdf"; VariantName = "[No Variations]"
Add component (AddParameter): Name = "Digikey PN"; Value = "RNCP0603FTD10K0CT-ND"; VariantName = "[No Variations]"
Add component (AddParameter): Name = "Manufacturer 1"; Value = "Stackpole Electronics Inc."; VariantName = "[No Variations]"
Add component (AddParameter): Name = "Manufacturer 1 PN"; Value = "RNCP0603FTD10K0"; VariantName = "[No Variations]"
Add component (AddParameter): Name = "Mouser PN"; Value = "755-ESR03EZPF1002"; VariantName = "[No Variations]"
Add component (AddParameter): Name = "Notes"; Value = ""; VariantName = "[No Variations]"
Add component (AddParameter): Name = "Power"; Value = "1/8W"; VariantName = "[No Variations]"
Add component (AddParameter): Name = "Resistence"; Value = "10k"; VariantName = "[No Variations]"
Added Component: Designator=R7(RES 10k 1% 1/8W)
Add component. Clean all parameters for all variants
Add component (AddParameter): Name = "ComponentLink1Description"; Value = "Datasheet"; VariantName = "[No Variations]"
Add component (AddParameter): Name = "ComponentLink1URL"; Value = "http://www.yageo.com/documents/recent/PYu-RC_Group_51_RoHS_L_9.pdf"; VariantName = "[No Variations]"
Add component (AddParameter): Name = "Digikey PN"; Value = "RNCP0603FTD10K0CT-ND"; VariantName = "[No Variations]"
Add component (AddParameter): Name = "Manufacturer 1"; Value = "Stackpole Electronics Inc."; VariantName = "[No Variations]"
Add component (AddParameter): Name = "Manufacturer 1 PN"; Value = "RNCP0603FTD10K0"; VariantName = "[No Variations]"
Add component (AddParameter): Name = "Mouser PN"; Value = "755-ESR03EZPF1002"; VariantName = "[No Variations]"
Add component (AddParameter): Name = "Notes"; Value = ""; VariantName = "[No Variations]"
Add component (AddParameter): Name = "Power"; Value = "1/8W"; VariantName = "[No Variations]"
Add component (AddParameter): Name = "Resistence"; Value = "10k"; VariantName = "[No Variations]"
Added Component: Designator=R8(RES 10k 1% 1/8W)
Add component. Clean all parameters for all variants
Add component (AddParameter): Name = "ComponentLink1Description"; Value = "Datasheet"; VariantName = "[No Variations]"
Add component (AddParameter): Name = "ComponentLink1URL"; Value = "http://www.yageo.com/documents/recent/PYu-RC_Group_51_RoHS_L_9.pdf"; VariantName = "[No Variations]"
Add component (AddParameter): Name = "Digikey PN"; Value = "RNCP0603FTD10K0CT-ND"; VariantName = "[No Variations]"
Add component (AddParameter): Name = "Manufacturer 1"; Value = "Stackpole Electronics Inc."; VariantName = "[No Variations]"
Add component (AddParameter): Name = "Manufacturer 1 PN"; Value = "RNCP0603FTD10K0"; VariantName = "[No Variations]"
Add component (AddParameter): Name = "Mouser PN"; Value = "755-ESR03EZPF1002"; VariantName = "[No Variations]"
Add component (AddParameter): Name = "Notes"; Value = ""; VariantName = "[No Variations]"
Add component (AddParameter): Name = "Power"; Value = "1/8W"; VariantName = "[No Variations]"
Add component (AddParameter): Name = "Resistence"; Value = "10k"; VariantName = "[No Variations]"
Added Component: Designator=R9(RES 10k 1% 1/8W)
Add component. Clean all parameters for all variants
Add component (AddParameter): Name = "ComponentLink1Description"; Value = "Datasheet"; VariantName = "[No Variations]"
Add component (AddParameter): Name = "ComponentLink1URL"; Value = "http://www.yageo.com/documents/recent/PYu-RC_Group_51_RoHS_L_9.pdf"; VariantName = "[No Variations]"
Add component (AddParameter): Name = "Digikey PN"; Value = "RNCP0603FTD10K0CT-ND"; VariantName = "[No Variations]"
Add component (AddParameter): Name = "Manufacturer 1"; Value = "Stackpole Electronics Inc."; VariantName = "[No Variations]"
Add component (AddParameter): Name = "Manufacturer 1 PN"; Value = "RNCP0603FTD10K0"; VariantName = "[No Variations]"
Add component (AddParameter): Name = "Mouser PN"; Value = "755-ESR03EZPF1002"; VariantName = "[No Variations]"
Add component (AddParameter): Name = "Notes"; Value = ""; VariantName = "[No Variations]"
Add component (AddParameter): Name = "Power"; Value = "1/8W"; VariantName = "[No Variations]"
Add component (AddParameter): Name = "Resistence"; Value = "10k"; VariantName = "[No Variations]"
Added Component: Designator=R10(RES 10k 1% 1/8W)
Add component. Clean all parameters for all variants
Add component (AddParameter): Name = "ComponentLink1Description"; Value = "Datasheet"; VariantName = "[No Variations]"
Add component (AddParameter): Name = "ComponentLink1URL"; Value = "http://www.yageo.com/documents/recent/PYu-RC_Group_51_RoHS_L_9.pdf"; VariantName = "[No Variations]"
Add component (AddParameter): Name = "Digikey PN"; Value = "RNCP0603FTD10K0CT-ND"; VariantName = "[No Variations]"
Add component (AddParameter): Name = "Manufacturer 1"; Value = "Stackpole Electronics Inc."; VariantName = "[No Variations]"
Add component (AddParameter): Name = "Manufacturer 1 PN"; Value = "RNCP0603FTD10K0"; VariantName = "[No Variations]"
Add component (AddParameter): Name = "Mouser PN"; Value = "755-ESR03EZPF1002"; VariantName = "[No Variations]"
Add component (AddParameter): Name = "Notes"; Value = ""; VariantName = "[No Variations]"
Add component (AddParameter): Name = "Power"; Value = "1/8W"; VariantName = "[No Variations]"
Add component (AddParameter): Name = "Resistence"; Value = "10k"; VariantName = "[No Variations]"
Added Component: Designator=R11(RES 10k 1% 1/8W)
Add component. Clean all parameters for all variants
Add component (AddParameter): Name = "ComponentLink1Description"; Value = "Datasheet"; VariantName = "[No Variations]"
Add component (AddParameter): Name = "ComponentLink1URL"; Value = "http://www.yageo.com/documents/recent/PYu-RC_Group_51_RoHS_L_9.pdf"; VariantName = "[No Variations]"
Add component (AddParameter): Name = "Digikey PN"; Value = "RNCP0603FTD10K0CT-ND"; VariantName = "[No Variations]"
Add component (AddParameter): Name = "Manufacturer 1"; Value = "Stackpole Electronics Inc."; VariantName = "[No Variations]"
Add component (AddParameter): Name = "Manufacturer 1 PN"; Value = "RNCP0603FTD10K0"; VariantName = "[No Variations]"
Add component (AddParameter): Name = "Mouser PN"; Value = "755-ESR03EZPF1002"; VariantName = "[No Variations]"
Add component (AddParameter): Name = "Notes"; Value = ""; VariantName = "[No Variations]"
Add component (AddParameter): Name = "Power"; Value = "1/8W"; VariantName = "[No Variations]"
Add component (AddParameter): Name = "Resistence"; Value = "10k"; VariantName = "[No Variations]"
Added Component: Designator=R12(RES 10k 1% 1/8W)
Add component. Clean all parameters for all variants
Add component (AddParameter): Name = "ComponentLink1Description"; Value = "Datasheet"; VariantName = "[No Variations]"
Add component (AddParameter): Name = "ComponentLink1URL"; Value = "http://www.yageo.com/documents/recent/PYu-RC_Group_51_RoHS_L_9.pdf"; VariantName = "[No Variations]"
Add component (AddParameter): Name = "Digikey PN"; Value = "RNCP0603FTD10K0CT-ND"; VariantName = "[No Variations]"
Add component (AddParameter): Name = "Manufacturer 1"; Value = "Stackpole Electronics Inc."; VariantName = "[No Variations]"
Add component (AddParameter): Name = "Manufacturer 1 PN"; Value = "RNCP0603FTD10K0"; VariantName = "[No Variations]"
Add component (AddParameter): Name = "Mouser PN"; Value = "755-ESR03EZPF1002"; VariantName = "[No Variations]"
Add component (AddParameter): Name = "Notes"; Value = ""; VariantName = "[No Variations]"
Add component (AddParameter): Name = "Power"; Value = "1/8W"; VariantName = "[No Variations]"
Add component (AddParameter): Name = "Resistence"; Value = "10k"; VariantName = "[No Variations]"
Added Component: Designator=R13(RES 10k 1% 1/8W)
Add component. Clean all parameters for all variants
Add component (AddParameter): Name = "ComponentLink1Description"; Value = "Datasheet"; VariantName = "[No Variations]"
Add component (AddParameter): Name = "ComponentLink1URL"; Value = "http://www.yageo.com/documents/recent/PYu-RC_Group_51_RoHS_L_9.pdf"; VariantName = "[No Variations]"
Add component (AddParameter): Name = "Digikey PN"; Value = "RNCP0603FTD10K0CT-ND"; VariantName = "[No Variations]"
Add component (AddParameter): Name = "Manufacturer 1"; Value = "Stackpole Electronics Inc."; VariantName = "[No Variations]"
Add component (AddParameter): Name = "Manufacturer 1 PN"; Value = "RNCP0603FTD10K0"; VariantName = "[No Variations]"
Add component (AddParameter): Name = "Mouser PN"; Value = "755-ESR03EZPF1002"; VariantName = "[No Variations]"
Add component (AddParameter): Name = "Notes"; Value = ""; VariantName = "[No Variations]"
Add component (AddParameter): Name = "Power"; Value = "1/8W"; VariantName = "[No Variations]"
Add component (AddParameter): Name = "Resistence"; Value = "10k"; VariantName = "[No Variations]"
Added Component: Designator=SW1(SWITCH_TACTIL_90)
Add component. Clean all parameters for all variants
Add component (AddParameter): Name = "Validação"; Value = ""; VariantName = "[No Variations]"
Add component (AddParameter): Name = "Value"; Value = "Switch"; VariantName = "[No Variations]"
Added Component: Designator=SW2(SWITCH_TACTIL_90)
Add component. Clean all parameters for all variants
Add component (AddParameter): Name = "Validação"; Value = ""; VariantName = "[No Variations]"
Add component (AddParameter): Name = "Value"; Value = "Switch"; VariantName = "[No Variations]"
Added Component: Designator=U1(ESP32-PICO-D4)
Add component. Clean all parameters for all variants
Add component (AddParameter): Name = "ComponentLink1Description"; Value = "Datasheet"; VariantName = "[No Variations]"
Add component (AddParameter): Name = "ComponentLink1URL"; Value = "https://datasheet.lcsc.com/szlcsc/Espressif-Systems-ESP32-PICO-D4_C193707.pdf"; VariantName = "[No Variations]"
Add component (AddParameter): Name = "ComponentLink2Description"; Value = "Datasheet_EN"; VariantName = "[No Variations]"
Add component (AddParameter): Name = "ComponentLink2URL"; Value = "https://www.espressif.com/sites/default/files/documentation/esp32-pico-d4_datasheet_en.pdf"; VariantName = "[No Variations]"
Add component (AddParameter): Name = "LCSC Part #"; Value = "C193707"; VariantName = "[No Variations]"
Add component (AddParameter): Name = "Manufacturer"; Value = "Espressif Systems"; VariantName = "[No Variations]"
Add component (AddParameter): Name = "MFR.Part #"; Value = "ESP32-PICO-D4"; VariantName = "[No Variations]"
Add component (AddParameter): Name = "Package"; Value = "QFN-48_EP_7.0x7.0x0.5P"; VariantName = "[No Variations]"
Added Component: Designator=U2(LM1117)
Add component. Clean all parameters for all variants
Add component (AddParameter): Name = "ComponentLink1Description"; Value = "Datasheet"; VariantName = "[No Variations]"
Add component (AddParameter): Name = "ComponentLink1URL"; Value = "https://www.diodes.com/assets/Datasheets/AZ1117E.pdf"; VariantName = "[No Variations]"
Add component (AddParameter): Name = "Digikey PN"; Value = "AZ1117EH-3.3TRG1DICT-ND"; VariantName = "[No Variations]"
Add component (AddParameter): Name = "Manufacturer 1"; Value = "Diodes Incorporated"; VariantName = "[No Variations]"
Add component (AddParameter): Name = "Manufacturer 1 PN"; Value = "AZ1117EH-3.3TRG1"; VariantName = "[No Variations]"
Add component (AddParameter): Name = "Manufacturer 2"; Value = "STMicroelectronics"; VariantName = "[No Variations]"
Add component (AddParameter): Name = "Manufacturer 2 PN"; Value = "LD1117S33TR"; VariantName = "[No Variations]"
Add component (AddParameter): Name = "Mouser PN"; Value = "621-AZ1117EH-3.3TRG1"; VariantName = "[No Variations]"
Add component (AddParameter): Name = "Notes"; Value = "Every PMIC named 1117 is the same"; VariantName = "[No Variations]"
Added Component: Designator=U3(MicroUSB)
Add component. Clean all parameters for all variants
Add component (AddParameter): Name = "ComponentLink1Description"; Value = "LCSC"; VariantName = "[No Variations]"
Add component (AddParameter): Name = "ComponentLink1URL"; Value = "https://lcsc.com/product-detail/Micro-USB-Connectors_MICRO-5PFemaleBtype-High-temperature_C46390.html?currency=EUR"; VariantName = "[No Variations]"
Add component (AddParameter): Name = "ComponentLink2Description"; Value = "Datasheet"; VariantName = "[No Variations]"
Add component (AddParameter): Name = "ComponentLink2URL"; Value = "https://datasheet.lcsc.com/szlcsc/1912111436_LCSC-C46390_C46390.pdf"; VariantName = "[No Variations]"
Added Component: Designator=u4(CP2102N QFN28)
Add component. Clean all parameters for all variants
Added Pin To Net: NetName=DTR Pin=Q2-3
Added Pin To Net: NetName=DTR Pin=R8-1
Added Pin To Net: NetName=DTR Pin=u4-28
Added Net: Name=DTR
Added Pin To Net: NetName=EN Pin=C7-2
Added Pin To Net: NetName=EN Pin=J2-16
Added Pin To Net: NetName=EN Pin=Q1-1
Added Pin To Net: NetName=EN Pin=R3-1
Added Pin To Net: NetName=EN Pin=SW1-2
Added Pin To Net: NetName=EN Pin=U1-9
Added Net: Name=EN
Added Pin To Net: NetName=EXT_5V Pin=C3-2
Added Pin To Net: NetName=EXT_5V Pin=D2-K
Added Pin To Net: NetName=EXT_5V Pin=R2-2
Added Pin To Net: NetName=EXT_5V Pin=R7-2
Added Pin To Net: NetName=EXT_5V Pin=U2-3
Added Net: Name=EXT_5V
Added Pin To Net: NetName=FLASH_CLK Pin=J1-13
Added Pin To Net: NetName=FLASH_CLK Pin=U1-31
Added Net: Name=FLASH_CLK
Added Pin To Net: NetName=FLASH_CS Pin=J1-19
Added Pin To Net: NetName=FLASH_CS Pin=U1-25
Added Net: Name=FLASH_CS
Added Pin To Net: NetName=FLASH_SD0 Pin=J1-17
Added Pin To Net: NetName=FLASH_SD0 Pin=U1-27
Added Net: Name=FLASH_SD0
Added Pin To Net: NetName=FLASH_SD1 Pin=J1-11
Added Pin To Net: NetName=FLASH_SD1 Pin=U1-33
Added Net: Name=FLASH_SD1
Added Pin To Net: NetName=FLASH_SD2 Pin=J1-14
Added Pin To Net: NetName=FLASH_SD2 Pin=U1-30
Added Net: Name=FLASH_SD2
Added Pin To Net: NetName=FLASH_SD3 Pin=J1-12
Added Pin To Net: NetName=FLASH_SD3 Pin=U1-32
Added Net: Name=FLASH_SD3
Added Pin To Net: NetName=GND Pin=A1-2
Added Pin To Net: NetName=GND Pin=C1-1
Added Pin To Net: NetName=GND Pin=C2-1
Added Pin To Net: NetName=GND Pin=C3-1
Added Pin To Net: NetName=GND Pin=C4-1
Added Pin To Net: NetName=GND Pin=C5-1
Added Pin To Net: NetName=GND Pin=C6-1
Added Pin To Net: NetName=GND Pin=C7-1
Added Pin To Net: NetName=GND Pin=C8-1
Added Pin To Net: NetName=GND Pin=C9-1
Added Pin To Net: NetName=GND Pin=D1-K
Added Pin To Net: NetName=GND Pin=R10-1
Added Pin To Net: NetName=GND Pin=R12-1
Added Pin To Net: NetName=GND Pin=SW1-1
Added Pin To Net: NetName=GND Pin=SW2-1
Added Pin To Net: NetName=GND Pin=U1-49
Added Pin To Net: NetName=GND Pin=U2-1
Added Pin To Net: NetName=GND Pin=U3-5
Added Pin To Net: NetName=GND Pin=u4-3
Added Pin To Net: NetName=GND Pin=u4-29
Added Net: Name=GND
Added Pin To Net: NetName=IO0 Pin=C8-2
Added Pin To Net: NetName=IO0 Pin=J2-11
Added Pin To Net: NetName=IO0 Pin=Q2-1
Added Pin To Net: NetName=IO0 Pin=R4-1
Added Pin To Net: NetName=IO0 Pin=SW2-2
Added Pin To Net: NetName=IO0 Pin=U1-23
Added Net: Name=IO0
Added Pin To Net: NetName=IO2 Pin=J2-10
Added Pin To Net: NetName=IO2 Pin=U1-22
Added Net: Name=IO2
Added Pin To Net: NetName=IO4 Pin=J2-12
Added Pin To Net: NetName=IO4 Pin=U1-24
Added Net: Name=IO4
Added Pin To Net: NetName=IO5 Pin=J1-10
Added Pin To Net: NetName=IO5 Pin=U1-34
Added Net: Name=IO5
Added Pin To Net: NetName=IO9 Pin=J1-16
Added Pin To Net: NetName=IO9 Pin=U1-28
Added Net: Name=IO9
Added Pin To Net: NetName=IO10 Pin=J1-15
Added Pin To Net: NetName=IO10 Pin=U1-29
Added Net: Name=IO10
Added Pin To Net: NetName=IO12 Pin=J2-6
Added Pin To Net: NetName=IO12 Pin=R5-1
Added Pin To Net: NetName=IO12 Pin=U1-18
Added Net: Name=IO12
Added Pin To Net: NetName=IO13 Pin=J2-8
Added Pin To Net: NetName=IO13 Pin=U1-20
Added Net: Name=IO13
Added Pin To Net: NetName=IO14 Pin=J2-5
Added Pin To Net: NetName=IO14 Pin=U1-17
Added Net: Name=IO14
Added Pin To Net: NetName=IO15 Pin=J2-9
Added Pin To Net: NetName=IO15 Pin=U1-21
Added Net: Name=IO15
Added Pin To Net: NetName=IO18 Pin=J1-9
Added Pin To Net: NetName=IO18 Pin=U1-35
Added Net: Name=IO18
Added Pin To Net: NetName=IO19 Pin=J1-6
Added Pin To Net: NetName=IO19 Pin=U1-38
Added Net: Name=IO19
Added Pin To Net: NetName=IO21 Pin=J1-1
Added Pin To Net: NetName=IO21 Pin=U1-42
Added Net: Name=IO21
Added Pin To Net: NetName=IO22 Pin=J1-5
Added Pin To Net: NetName=IO22 Pin=U1-39
Added Net: Name=IO22
Added Pin To Net: NetName=IO23 Pin=J1-8
Added Pin To Net: NetName=IO23 Pin=U1-36
Added Net: Name=IO23
Added Pin To Net: NetName=IO25 Pin=J2-2
Added Pin To Net: NetName=IO25 Pin=U1-14
Added Net: Name=IO25
Added Pin To Net: NetName=IO26 Pin=J2-3
Added Pin To Net: NetName=IO26 Pin=U1-15
Added Net: Name=IO26
Added Pin To Net: NetName=IO27 Pin=J2-4
Added Pin To Net: NetName=IO27 Pin=U1-16
Added Net: Name=IO27
Added Pin To Net: NetName=IO32 Pin=J2-19
Added Pin To Net: NetName=IO32 Pin=U1-12
Added Net: Name=IO32
Added Pin To Net: NetName=IO33 Pin=J2-1
Added Pin To Net: NetName=IO33 Pin=U1-13
Added Net: Name=IO33
Added Pin To Net: NetName=IO34 Pin=J2-17
Added Pin To Net: NetName=IO34 Pin=U1-10
Added Net: Name=IO34
Added Pin To Net: NetName=IO35 Pin=J2-18
Added Pin To Net: NetName=IO35 Pin=U1-11
Added Net: Name=IO35
Added Pin To Net: NetName=IO37 Pin=J2-13
Added Pin To Net: NetName=IO37 Pin=U1-6
Added Net: Name=IO37
Added Pin To Net: NetName=IO38 Pin=J2-14
Added Pin To Net: NetName=IO38 Pin=U1-7
Added Net: Name=IO38
Added Pin To Net: NetName=LNA_IN Pin=C2-2
Added Pin To Net: NetName=LNA_IN Pin=L_BEAD1-2
Added Pin To Net: NetName=LNA_IN Pin=U1-2
Added Net: Name=LNA_IN
Added Pin To Net: NetName=NetA1_1 Pin=A1-1
Added Pin To Net: NetName=NetA1_1 Pin=C1-2
Added Pin To Net: NetName=NetA1_1 Pin=L_BEAD1-1
Added Net: Name=NetA1_1
Added Pin To Net: NetName=NetD1_A Pin=D1-A
Added Pin To Net: NetName=NetD1_A Pin=R2-1
Added Net: Name=NetD1_A
Added Pin To Net: NetName=NetQ1_2 Pin=Q1-2
Added Pin To Net: NetName=NetQ1_2 Pin=R8-2
Added Net: Name=NetQ1_2
Added Pin To Net: NetName=NetQ2_2 Pin=Q2-2
Added Pin To Net: NetName=NetQ2_2 Pin=R13-2
Added Net: Name=NetQ2_2
Added Pin To Net: NetName=NetR7_1 Pin=R7-1
Added Pin To Net: NetName=NetR7_1 Pin=R10-2
Added Pin To Net: NetName=NetR7_1 Pin=u4-8
Added Net: Name=NetR7_1
Added Pin To Net: NetName=NetR11_2 Pin=R11-2
Added Pin To Net: NetName=NetR11_2 Pin=u4-9
Added Net: Name=NetR11_2
Added Pin To Net: NetName=NetR12_2 Pin=R12-2
Added Pin To Net: NetName=NetR12_2 Pin=u4-11
Added Net: Name=NetR12_2
Added Pin To Net: NetName=RTS Pin=Q1-3
Added Pin To Net: NetName=RTS Pin=R13-1
Added Net: Name=RTS
Added Pin To Net: NetName=RXD0 Pin=J1-4
Added Pin To Net: NetName=RXD0 Pin=R9-1
Added Pin To Net: NetName=RXD0 Pin=U1-40
Added Net: Name=RXD0
Added Pin To Net: NetName=RXD Pin=R6-2
Added Pin To Net: NetName=RXD Pin=u4-25
Added Net: Name=RXD
Added Pin To Net: NetName=SENSOR_VN Pin=J2-15
Added Pin To Net: NetName=SENSOR_VN Pin=U1-8
Added Net: Name=SENSOR_VN
Added Pin To Net: NetName=SENSOR_VP Pin=J1-2
Added Pin To Net: NetName=SENSOR_VP Pin=U1-5
Added Net: Name=SENSOR_VP
Added Pin To Net: NetName=TXD0 Pin=J1-3
Added Pin To Net: NetName=TXD0 Pin=R6-1
Added Pin To Net: NetName=TXD0 Pin=U1-41
Added Net: Name=TXD0
Added Pin To Net: NetName=TXD Pin=R9-2
Added Pin To Net: NetName=TXD Pin=u4-26
Added Net: Name=TXD
Added Pin To Net: NetName=USB_DN Pin=U3-2
Added Pin To Net: NetName=USB_DN Pin=u4-5
Added Net: Name=USB_DN
Added Pin To Net: NetName=USB_DP Pin=U3-3
Added Pin To Net: NetName=USB_DP Pin=u4-4
Added Net: Name=USB_DP
Added Pin To Net: NetName=USB_PWR Pin=D2-A
Added Pin To Net: NetName=USB_PWR Pin=U3-1
Added Net: Name=USB_PWR
Added Pin To Net: NetName=VDD33A Pin=C5-2
Added Pin To Net: NetName=VDD33A Pin=C6-2
Added Pin To Net: NetName=VDD33A Pin=J1-7
Added Pin To Net: NetName=VDD33A Pin=J1-18
Added Pin To Net: NetName=VDD33A Pin=J2-7
Added Pin To Net: NetName=VDD33A Pin=R1-2
Added Pin To Net: NetName=VDD33A Pin=R3-2
Added Pin To Net: NetName=VDD33A Pin=R4-2
Added Pin To Net: NetName=VDD33A Pin=U1-1
Added Pin To Net: NetName=VDD33A Pin=U1-3
Added Pin To Net: NetName=VDD33A Pin=U1-4
Added Pin To Net: NetName=VDD33A Pin=U1-19
Added Pin To Net: NetName=VDD33A Pin=U1-26
Added Pin To Net: NetName=VDD33A Pin=U1-37
Added Pin To Net: NetName=VDD33A Pin=U1-43
Added Pin To Net: NetName=VDD33A Pin=U1-46
Added Net: Name=VDD33A
Added Pin To Net: NetName=VDD33 Pin=C4-2
Added Pin To Net: NetName=VDD33 Pin=C9-2
Added Pin To Net: NetName=VDD33 Pin=R1-1
Added Pin To Net: NetName=VDD33 Pin=R5-2
Added Pin To Net: NetName=VDD33 Pin=R11-1
Added Pin To Net: NetName=VDD33 Pin=U2-2
Added Pin To Net: NetName=VDD33 Pin=U2-4
Added Pin To Net: NetName=VDD33 Pin=u4-6
Added Pin To Net: NetName=VDD33 Pin=u4-7
Added Net: Name=VDD33
Added Class: Name=Antena
Added Class: Name=ESP32
Added Class: Name=ExportPinos
Added Class: Name=Fonte
Added Class: Name=PinosEspeciais
Added Class: Name=Serial
